2016-11-04 17:22:54,892 INFO [c.r.u.Log main] Info Message Logged !!!
2016-11-04 17:22:54,892 WARN [c.r.u.Log main] Warn Message Logged !!!
2016-11-04 17:22:54,892 ERROR [c.r.u.Log main] Error Message Logged !!!
2016-11-04 17:22:54,892 DEBUG [c.r.u.Log main] Debug Message Logged !!!
2016-11-04 17:22:54,892 FATAL [c.r.u.Log main] Root Cause of this Exception is:
	java.lang.NullPointerException: NullError
--------------------------------------------------------------------------------------
	Stack Trace of this Exception is as follows...
Exception 1 occurred at:
	Class: com.raghul.test.TestLog4j2Example
	Method: TestLog4J2
	Line # 27
Exception 2 occurred at:
	Class: sun.reflect.NativeMethodAccessorImpl
	Method: invoke0
	Line # -2
Exception 3 occurred at:
	Class: sun.reflect.NativeMethodAccessorImpl
	Method: invoke
	Line # 62
Exception 4 occurred at:
	Class: sun.reflect.DelegatingMethodAccessorImpl
	Method: invoke
	Line # 43
Exception 5 occurred at:
	Class: java.lang.reflect.Method
	Method: invoke
	Line # 498
Exception 6 occurred at:
	Class: org.junit.runners.model.FrameworkMethod$1
	Method: runReflectiveCall
	Line # 50
Exception 7 occurred at:
	Class: org.junit.internal.runners.model.ReflectiveCallable
	Method: run
	Line # 12
Exception 8 occurred at:
	Class: org.junit.runners.model.FrameworkMethod
	Method: invokeExplosively
	Line # 47
Exception 9 occurred at:
	Class: org.junit.internal.runners.statements.InvokeMethod
	Method: evaluate
	Line # 17
Exception 10 occurred at:
	Class: org.junit.runners.ParentRunner
	Method: runLeaf
	Line # 325
Exception 11 occurred at:
	Class: org.junit.runners.BlockJUnit4ClassRunner
	Method: runChild
	Line # 78
Exception 12 occurred at:
	Class: org.junit.runners.BlockJUnit4ClassRunner
	Method: runChild
	Line # 57
Exception 13 occurred at:
	Class: org.junit.runners.ParentRunner$3
	Method: run
	Line # 290
Exception 14 occurred at:
	Class: org.junit.runners.ParentRunner$1
	Method: schedule
	Line # 71
Exception 15 occurred at:
	Class: org.junit.runners.ParentRunner
	Method: runChildren
	Line # 288
Exception 16 occurred at:
	Class: org.junit.runners.ParentRunner
	Method: access$000
	Line # 58
Exception 17 occurred at:
	Class: org.junit.runners.ParentRunner$2
	Method: evaluate
	Line # 268
Exception 18 occurred at:
	Class: org.junit.runners.ParentRunner
	Method: run
	Line # 363
Exception 19 occurred at:
	Class: junit.framework.JUnit4TestAdapter
	Method: run
	Line # 38
Exception 20 occurred at:
	Class: org.apache.tools.ant.taskdefs.optional.junit.JUnitTestRunner
	Method: run
	Line # 535
Exception 21 occurred at:
	Class: org.apache.tools.ant.taskdefs.optional.junit.JUnitTestRunner
	Method: launch
	Line # 1182
Exception 22 occurred at:
	Class: org.apache.tools.ant.taskdefs.optional.junit.JUnitTestRunner
	Method: main
	Line # 1033

2016-11-04 17:22:54,892 DEBUG [c.r.u.Log main] java.lang.NullPointerException: NullError
	at com.raghul.test.TestLog4j2Example.TestLog4J2(TestLog4j2Example.java:27)
	at sun.reflect.NativeMethodAccessorImpl.invoke0(Native Method)
	at sun.reflect.NativeMethodAccessorImpl.invoke(NativeMethodAccessorImpl.java:62)
	at sun.reflect.DelegatingMethodAccessorImpl.invoke(DelegatingMethodAccessorImpl.java:43)
	at java.lang.reflect.Method.invoke(Method.java:498)
	at org.junit.runners.model.FrameworkMethod$1.runReflectiveCall(FrameworkMethod.java:50)
	at org.junit.internal.runners.model.ReflectiveCallable.run(ReflectiveCallable.java:12)
	at org.junit.runners.model.FrameworkMethod.invokeExplosively(FrameworkMethod.java:47)
	at org.junit.internal.runners.statements.InvokeMethod.evaluate(InvokeMethod.java:17)
	at org.junit.runners.ParentRunner.runLeaf(ParentRunner.java:325)
	at org.junit.runners.BlockJUnit4ClassRunner.runChild(BlockJUnit4ClassRunner.java:78)
	at org.junit.runners.BlockJUnit4ClassRunner.runChild(BlockJUnit4ClassRunner.java:57)
	at org.junit.runners.ParentRunner$3.run(ParentRunner.java:290)
	at org.junit.runners.ParentRunner$1.schedule(ParentRunner.java:71)
	at org.junit.runners.ParentRunner.runChildren(ParentRunner.java:288)
	at org.junit.runners.ParentRunner.access$000(ParentRunner.java:58)
	at org.junit.runners.ParentRunner$2.evaluate(ParentRunner.java:268)
	at org.junit.runners.ParentRunner.run(ParentRunner.java:363)
	at junit.framework.JUnit4TestAdapter.run(JUnit4TestAdapter.java:38)
	at org.apache.tools.ant.taskdefs.optional.junit.JUnitTestRunner.run(JUnitTestRunner.java:535)
	at org.apache.tools.ant.taskdefs.optional.junit.JUnitTestRunner.launch(JUnitTestRunner.java:1182)
	at org.apache.tools.ant.taskdefs.optional.junit.JUnitTestRunner.main(JUnitTestRunner.java:1033)

2016-11-04 17:24:56,516 INFO [c.r.u.Log main] Info Message Logged !!!
2016-11-04 17:24:56,516 WARN [c.r.u.Log main] Warn Message Logged !!!
2016-11-04 17:24:56,516 ERROR [c.r.u.Log main] Error Message Logged !!!
2016-11-04 17:24:56,516 DEBUG [c.r.u.Log main] Debug Message Logged !!!
2016-11-04 17:24:56,516 FATAL [c.r.u.Log main] Root Cause of this Exception is:
	java.lang.NullPointerException: NullError
--------------------------------------------------------------------------------------
	Stack Trace of this Exception is as follows...
Exception 1 occurred at:
	Class: com.raghul.test.TestLog4j2Example
	Method: TestLog4J2
	Line # 27
Exception 2 occurred at:
	Class: sun.reflect.NativeMethodAccessorImpl
	Method: invoke0
	Line # -2
Exception 3 occurred at:
	Class: sun.reflect.NativeMethodAccessorImpl
	Method: invoke
	Line # 62
Exception 4 occurred at:
	Class: sun.reflect.DelegatingMethodAccessorImpl
	Method: invoke
	Line # 43
Exception 5 occurred at:
	Class: java.lang.reflect.Method
	Method: invoke
	Line # 498
Exception 6 occurred at:
	Class: org.junit.runners.model.FrameworkMethod$1
	Method: runReflectiveCall
	Line # 50
Exception 7 occurred at:
	Class: org.junit.internal.runners.model.ReflectiveCallable
	Method: run
	Line # 12
Exception 8 occurred at:
	Class: org.junit.runners.model.FrameworkMethod
	Method: invokeExplosively
	Line # 47
Exception 9 occurred at:
	Class: org.junit.internal.runners.statements.InvokeMethod
	Method: evaluate
	Line # 17
Exception 10 occurred at:
	Class: org.junit.runners.ParentRunner
	Method: runLeaf
	Line # 325
Exception 11 occurred at:
	Class: org.junit.runners.BlockJUnit4ClassRunner
	Method: runChild
	Line # 78
Exception 12 occurred at:
	Class: org.junit.runners.BlockJUnit4ClassRunner
	Method: runChild
	Line # 57
Exception 13 occurred at:
	Class: org.junit.runners.ParentRunner$3
	Method: run
	Line # 290
Exception 14 occurred at:
	Class: org.junit.runners.ParentRunner$1
	Method: schedule
	Line # 71
Exception 15 occurred at:
	Class: org.junit.runners.ParentRunner
	Method: runChildren
	Line # 288
Exception 16 occurred at:
	Class: org.junit.runners.ParentRunner
	Method: access$000
	Line # 58
Exception 17 occurred at:
	Class: org.junit.runners.ParentRunner$2
	Method: evaluate
	Line # 268
Exception 18 occurred at:
	Class: org.junit.runners.ParentRunner
	Method: run
	Line # 363
Exception 19 occurred at:
	Class: junit.framework.JUnit4TestAdapter
	Method: run
	Line # 38
Exception 20 occurred at:
	Class: org.apache.tools.ant.taskdefs.optional.junit.JUnitTestRunner
	Method: run
	Line # 535
Exception 21 occurred at:
	Class: org.apache.tools.ant.taskdefs.optional.junit.JUnitTestRunner
	Method: launch
	Line # 1182
Exception 22 occurred at:
	Class: org.apache.tools.ant.taskdefs.optional.junit.JUnitTestRunner
	Method: main
	Line # 1033

2016-11-04 17:24:56,532 DEBUG [c.r.u.Log main] java.lang.NullPointerException: NullError
	at com.raghul.test.TestLog4j2Example.TestLog4J2(TestLog4j2Example.java:27)
	at sun.reflect.NativeMethodAccessorImpl.invoke0(Native Method)
	at sun.reflect.NativeMethodAccessorImpl.invoke(NativeMethodAccessorImpl.java:62)
	at sun.reflect.DelegatingMethodAccessorImpl.invoke(DelegatingMethodAccessorImpl.java:43)
	at java.lang.reflect.Method.invoke(Method.java:498)
	at org.junit.runners.model.FrameworkMethod$1.runReflectiveCall(FrameworkMethod.java:50)
	at org.junit.internal.runners.model.ReflectiveCallable.run(ReflectiveCallable.java:12)
	at org.junit.runners.model.FrameworkMethod.invokeExplosively(FrameworkMethod.java:47)
	at org.junit.internal.runners.statements.InvokeMethod.evaluate(InvokeMethod.java:17)
	at org.junit.runners.ParentRunner.runLeaf(ParentRunner.java:325)
	at org.junit.runners.BlockJUnit4ClassRunner.runChild(BlockJUnit4ClassRunner.java:78)
	at org.junit.runners.BlockJUnit4ClassRunner.runChild(BlockJUnit4ClassRunner.java:57)
	at org.junit.runners.ParentRunner$3.run(ParentRunner.java:290)
	at org.junit.runners.ParentRunner$1.schedule(ParentRunner.java:71)
	at org.junit.runners.ParentRunner.runChildren(ParentRunner.java:288)
	at org.junit.runners.ParentRunner.access$000(ParentRunner.java:58)
	at org.junit.runners.ParentRunner$2.evaluate(ParentRunner.java:268)
	at org.junit.runners.ParentRunner.run(ParentRunner.java:363)
	at junit.framework.JUnit4TestAdapter.run(JUnit4TestAdapter.java:38)
	at org.apache.tools.ant.taskdefs.optional.junit.JUnitTestRunner.run(JUnitTestRunner.java:535)
	at org.apache.tools.ant.taskdefs.optional.junit.JUnitTestRunner.launch(JUnitTestRunner.java:1182)
	at org.apache.tools.ant.taskdefs.optional.junit.JUnitTestRunner.main(JUnitTestRunner.java:1033)

2016-11-04 17:32:15,635 INFO [c.r.u.Log main] BUYINGDIRECTORATECD|BUYINGDIRECTORATEDESC|BUYINGGROUPCD|BUYINGGROUPDESC|BUYINGOFFICECD|BUYINGOFFICEDESC|BUYINGSECTIONCD|BUYINGSECTIONDESC|BUYINGSUBSECTIONCD|BUYINGSUBSECTIONDESC
AMBNT |Ambient                            |BWS   |Beers Wines Spirits & Tobacco      |BST   |Beer Spirits & Tobacco             |BST_BEER     |Beer                               |BSTS_BT LGR   |Bottle Lager                       

2016-11-04 17:32:16,692 INFO [c.r.u.Log main] Info Message Logged !!!
2016-11-04 17:32:16,692 WARN [c.r.u.Log main] Warn Message Logged !!!
2016-11-04 17:32:16,692 ERROR [c.r.u.Log main] Error Message Logged !!!
2016-11-04 17:32:16,692 DEBUG [c.r.u.Log main] Debug Message Logged !!!
2016-11-04 17:32:16,692 FATAL [c.r.u.Log main] Root Cause of this Exception is:
	java.lang.NullPointerException: NullError
--------------------------------------------------------------------------------------
	Stack Trace of this Exception is as follows...
Exception 1 occurred at:
	Class: com.raghul.test.TestLog4j2Example
	Method: TestLog4J2
	Line # 27
Exception 2 occurred at:
	Class: sun.reflect.NativeMethodAccessorImpl
	Method: invoke0
	Line # -2
Exception 3 occurred at:
	Class: sun.reflect.NativeMethodAccessorImpl
	Method: invoke
	Line # 62
Exception 4 occurred at:
	Class: sun.reflect.DelegatingMethodAccessorImpl
	Method: invoke
	Line # 43
Exception 5 occurred at:
	Class: java.lang.reflect.Method
	Method: invoke
	Line # 498
Exception 6 occurred at:
	Class: org.junit.runners.model.FrameworkMethod$1
	Method: runReflectiveCall
	Line # 50
Exception 7 occurred at:
	Class: org.junit.internal.runners.model.ReflectiveCallable
	Method: run
	Line # 12
Exception 8 occurred at:
	Class: org.junit.runners.model.FrameworkMethod
	Method: invokeExplosively
	Line # 47
Exception 9 occurred at:
	Class: org.junit.internal.runners.statements.InvokeMethod
	Method: evaluate
	Line # 17
Exception 10 occurred at:
	Class: org.junit.runners.ParentRunner
	Method: runLeaf
	Line # 325
Exception 11 occurred at:
	Class: org.junit.runners.BlockJUnit4ClassRunner
	Method: runChild
	Line # 78
Exception 12 occurred at:
	Class: org.junit.runners.BlockJUnit4ClassRunner
	Method: runChild
	Line # 57
Exception 13 occurred at:
	Class: org.junit.runners.ParentRunner$3
	Method: run
	Line # 290
Exception 14 occurred at:
	Class: org.junit.runners.ParentRunner$1
	Method: schedule
	Line # 71
Exception 15 occurred at:
	Class: org.junit.runners.ParentRunner
	Method: runChildren
	Line # 288
Exception 16 occurred at:
	Class: org.junit.runners.ParentRunner
	Method: access$000
	Line # 58
Exception 17 occurred at:
	Class: org.junit.runners.ParentRunner$2
	Method: evaluate
	Line # 268
Exception 18 occurred at:
	Class: org.junit.runners.ParentRunner
	Method: run
	Line # 363
Exception 19 occurred at:
	Class: junit.framework.JUnit4TestAdapter
	Method: run
	Line # 38
Exception 20 occurred at:
	Class: org.apache.tools.ant.taskdefs.optional.junit.JUnitTestRunner
	Method: run
	Line # 535
Exception 21 occurred at:
	Class: org.apache.tools.ant.taskdefs.optional.junit.JUnitTestRunner
	Method: launch
	Line # 1182
Exception 22 occurred at:
	Class: org.apache.tools.ant.taskdefs.optional.junit.JUnitTestRunner
	Method: main
	Line # 1033

2016-11-04 17:32:16,692 DEBUG [c.r.u.Log main] java.lang.NullPointerException: NullError
	at com.raghul.test.TestLog4j2Example.TestLog4J2(TestLog4j2Example.java:27)
	at sun.reflect.NativeMethodAccessorImpl.invoke0(Native Method)
	at sun.reflect.NativeMethodAccessorImpl.invoke(NativeMethodAccessorImpl.java:62)
	at sun.reflect.DelegatingMethodAccessorImpl.invoke(DelegatingMethodAccessorImpl.java:43)
	at java.lang.reflect.Method.invoke(Method.java:498)
	at org.junit.runners.model.FrameworkMethod$1.runReflectiveCall(FrameworkMethod.java:50)
	at org.junit.internal.runners.model.ReflectiveCallable.run(ReflectiveCallable.java:12)
	at org.junit.runners.model.FrameworkMethod.invokeExplosively(FrameworkMethod.java:47)
	at org.junit.internal.runners.statements.InvokeMethod.evaluate(InvokeMethod.java:17)
	at org.junit.runners.ParentRunner.runLeaf(ParentRunner.java:325)
	at org.junit.runners.BlockJUnit4ClassRunner.runChild(BlockJUnit4ClassRunner.java:78)
	at org.junit.runners.BlockJUnit4ClassRunner.runChild(BlockJUnit4ClassRunner.java:57)
	at org.junit.runners.ParentRunner$3.run(ParentRunner.java:290)
	at org.junit.runners.ParentRunner$1.schedule(ParentRunner.java:71)
	at org.junit.runners.ParentRunner.runChildren(ParentRunner.java:288)
	at org.junit.runners.ParentRunner.access$000(ParentRunner.java:58)
	at org.junit.runners.ParentRunner$2.evaluate(ParentRunner.java:268)
	at org.junit.runners.ParentRunner.run(ParentRunner.java:363)
	at junit.framework.JUnit4TestAdapter.run(JUnit4TestAdapter.java:38)
	at org.apache.tools.ant.taskdefs.optional.junit.JUnitTestRunner.run(JUnitTestRunner.java:535)
	at org.apache.tools.ant.taskdefs.optional.junit.JUnitTestRunner.launch(JUnitTestRunner.java:1182)
	at org.apache.tools.ant.taskdefs.optional.junit.JUnitTestRunner.main(JUnitTestRunner.java:1033)

2016-11-04 17:36:05,722 INFO [c.r.u.Log main] Info Message Logged !!!
2016-11-04 17:36:05,738 WARN [c.r.u.Log main] Warn Message Logged !!!
2016-11-04 17:36:05,738 ERROR [c.r.u.Log main] Error Message Logged !!!
2016-11-04 17:36:05,738 DEBUG [c.r.u.Log main] Debug Message Logged !!!
2016-11-04 17:36:05,738 FATAL [c.r.u.Log main] Root Cause of this Exception is:
	java.lang.NullPointerException: NullError
--------------------------------------------------------------------------------------
	Stack Trace of this Exception is as follows...
Exception 1 occurred at:
	Class: com.raghul.test.TestLog4j2Example
	Method: TestLog4J2
	Line # 27
Exception 2 occurred at:
	Class: sun.reflect.NativeMethodAccessorImpl
	Method: invoke0
	Line # -2
Exception 3 occurred at:
	Class: sun.reflect.NativeMethodAccessorImpl
	Method: invoke
	Line # 62
Exception 4 occurred at:
	Class: sun.reflect.DelegatingMethodAccessorImpl
	Method: invoke
	Line # 43
Exception 5 occurred at:
	Class: java.lang.reflect.Method
	Method: invoke
	Line # 498
Exception 6 occurred at:
	Class: org.junit.runners.model.FrameworkMethod$1
	Method: runReflectiveCall
	Line # 50
Exception 7 occurred at:
	Class: org.junit.internal.runners.model.ReflectiveCallable
	Method: run
	Line # 12
Exception 8 occurred at:
	Class: org.junit.runners.model.FrameworkMethod
	Method: invokeExplosively
	Line # 47
Exception 9 occurred at:
	Class: org.junit.internal.runners.statements.InvokeMethod
	Method: evaluate
	Line # 17
Exception 10 occurred at:
	Class: org.junit.runners.ParentRunner
	Method: runLeaf
	Line # 325
Exception 11 occurred at:
	Class: org.junit.runners.BlockJUnit4ClassRunner
	Method: runChild
	Line # 78
Exception 12 occurred at:
	Class: org.junit.runners.BlockJUnit4ClassRunner
	Method: runChild
	Line # 57
Exception 13 occurred at:
	Class: org.junit.runners.ParentRunner$3
	Method: run
	Line # 290
Exception 14 occurred at:
	Class: org.junit.runners.ParentRunner$1
	Method: schedule
	Line # 71
Exception 15 occurred at:
	Class: org.junit.runners.ParentRunner
	Method: runChildren
	Line # 288
Exception 16 occurred at:
	Class: org.junit.runners.ParentRunner
	Method: access$000
	Line # 58
Exception 17 occurred at:
	Class: org.junit.runners.ParentRunner$2
	Method: evaluate
	Line # 268
Exception 18 occurred at:
	Class: org.junit.runners.ParentRunner
	Method: run
	Line # 363
Exception 19 occurred at:
	Class: junit.framework.JUnit4TestAdapter
	Method: run
	Line # 38
Exception 20 occurred at:
	Class: org.apache.tools.ant.taskdefs.optional.junit.JUnitTestRunner
	Method: run
	Line # 535
Exception 21 occurred at:
	Class: org.apache.tools.ant.taskdefs.optional.junit.JUnitTestRunner
	Method: launch
	Line # 1182
Exception 22 occurred at:
	Class: org.apache.tools.ant.taskdefs.optional.junit.JUnitTestRunner
	Method: main
	Line # 1033

2016-11-04 17:36:05,738 DEBUG [c.r.u.Log main] java.lang.NullPointerException: NullError
	at com.raghul.test.TestLog4j2Example.TestLog4J2(TestLog4j2Example.java:27)
	at sun.reflect.NativeMethodAccessorImpl.invoke0(Native Method)
	at sun.reflect.NativeMethodAccessorImpl.invoke(NativeMethodAccessorImpl.java:62)
	at sun.reflect.DelegatingMethodAccessorImpl.invoke(DelegatingMethodAccessorImpl.java:43)
	at java.lang.reflect.Method.invoke(Method.java:498)
	at org.junit.runners.model.FrameworkMethod$1.runReflectiveCall(FrameworkMethod.java:50)
	at org.junit.internal.runners.model.ReflectiveCallable.run(ReflectiveCallable.java:12)
	at org.junit.runners.model.FrameworkMethod.invokeExplosively(FrameworkMethod.java:47)
	at org.junit.internal.runners.statements.InvokeMethod.evaluate(InvokeMethod.java:17)
	at org.junit.runners.ParentRunner.runLeaf(ParentRunner.java:325)
	at org.junit.runners.BlockJUnit4ClassRunner.runChild(BlockJUnit4ClassRunner.java:78)
	at org.junit.runners.BlockJUnit4ClassRunner.runChild(BlockJUnit4ClassRunner.java:57)
	at org.junit.runners.ParentRunner$3.run(ParentRunner.java:290)
	at org.junit.runners.ParentRunner$1.schedule(ParentRunner.java:71)
	at org.junit.runners.ParentRunner.runChildren(ParentRunner.java:288)
	at org.junit.runners.ParentRunner.access$000(ParentRunner.java:58)
	at org.junit.runners.ParentRunner$2.evaluate(ParentRunner.java:268)
	at org.junit.runners.ParentRunner.run(ParentRunner.java:363)
	at junit.framework.JUnit4TestAdapter.run(JUnit4TestAdapter.java:38)
	at org.apache.tools.ant.taskdefs.optional.junit.JUnitTestRunner.run(JUnitTestRunner.java:535)
	at org.apache.tools.ant.taskdefs.optional.junit.JUnitTestRunner.launch(JUnitTestRunner.java:1182)
	at org.apache.tools.ant.taskdefs.optional.junit.JUnitTestRunner.main(JUnitTestRunner.java:1033)

2016-11-04 17:43:53,100 INFO [c.r.u.Log main] BUYINGDIRECTORATECD|BUYINGDIRECTORATEDESC|BUYINGGROUPCD|BUYINGGROUPDESC|BUYINGOFFICECD|BUYINGOFFICEDESC|BUYINGSECTIONCD|BUYINGSECTIONDESC|BUYINGSUBSECTIONCD|BUYINGSUBSECTIONDESC
AMBNT |Ambient                            |BWS   |Beers Wines Spirits & Tobacco      |BST   |Beer Spirits & Tobacco             |BST_BEER     |Beer                               |BSTS_BT LGR   |Bottle Lager                       

2016-11-04 17:43:53,256 INFO [c.r.u.Log main] Info Message Logged !!!
2016-11-04 17:43:53,256 WARN [c.r.u.Log main] Warn Message Logged !!!
2016-11-04 17:43:53,256 ERROR [c.r.u.Log main] Error Message Logged !!!
2016-11-04 17:43:53,256 DEBUG [c.r.u.Log main] Debug Message Logged !!!
2016-11-04 17:43:53,272 FATAL [c.r.u.Log main] Root Cause of this Exception is:
	java.lang.NullPointerException: NullError
--------------------------------------------------------------------------------------
	Stack Trace of this Exception is as follows...
Exception 1 occurred at:
	Class: com.raghul.test.TestLog4j2Example
	Method: TestLog4J2
	Line # 27
Exception 2 occurred at:
	Class: sun.reflect.NativeMethodAccessorImpl
	Method: invoke0
	Line # -2
Exception 3 occurred at:
	Class: sun.reflect.NativeMethodAccessorImpl
	Method: invoke
	Line # 62
Exception 4 occurred at:
	Class: sun.reflect.DelegatingMethodAccessorImpl
	Method: invoke
	Line # 43
Exception 5 occurred at:
	Class: java.lang.reflect.Method
	Method: invoke
	Line # 498
Exception 6 occurred at:
	Class: org.junit.runners.model.FrameworkMethod$1
	Method: runReflectiveCall
	Line # 50
Exception 7 occurred at:
	Class: org.junit.internal.runners.model.ReflectiveCallable
	Method: run
	Line # 12
Exception 8 occurred at:
	Class: org.junit.runners.model.FrameworkMethod
	Method: invokeExplosively
	Line # 47
Exception 9 occurred at:
	Class: org.junit.internal.runners.statements.InvokeMethod
	Method: evaluate
	Line # 17
Exception 10 occurred at:
	Class: org.junit.runners.ParentRunner
	Method: runLeaf
	Line # 325
Exception 11 occurred at:
	Class: org.junit.runners.BlockJUnit4ClassRunner
	Method: runChild
	Line # 78
Exception 12 occurred at:
	Class: org.junit.runners.BlockJUnit4ClassRunner
	Method: runChild
	Line # 57
Exception 13 occurred at:
	Class: org.junit.runners.ParentRunner$3
	Method: run
	Line # 290
Exception 14 occurred at:
	Class: org.junit.runners.ParentRunner$1
	Method: schedule
	Line # 71
Exception 15 occurred at:
	Class: org.junit.runners.ParentRunner
	Method: runChildren
	Line # 288
Exception 16 occurred at:
	Class: org.junit.runners.ParentRunner
	Method: access$000
	Line # 58
Exception 17 occurred at:
	Class: org.junit.runners.ParentRunner$2
	Method: evaluate
	Line # 268
Exception 18 occurred at:
	Class: org.junit.runners.ParentRunner
	Method: run
	Line # 363
Exception 19 occurred at:
	Class: org.junit.runners.Suite
	Method: runChild
	Line # 128
Exception 20 occurred at:
	Class: org.junit.runners.Suite
	Method: runChild
	Line # 27
Exception 21 occurred at:
	Class: org.junit.runners.ParentRunner$3
	Method: run
	Line # 290
Exception 22 occurred at:
	Class: org.junit.runners.ParentRunner$1
	Method: schedule
	Line # 71
Exception 23 occurred at:
	Class: org.junit.runners.ParentRunner
	Method: runChildren
	Line # 288
Exception 24 occurred at:
	Class: org.junit.runners.ParentRunner
	Method: access$000
	Line # 58
Exception 25 occurred at:
	Class: org.junit.runners.ParentRunner$2
	Method: evaluate
	Line # 268
Exception 26 occurred at:
	Class: org.junit.runners.ParentRunner
	Method: run
	Line # 363
Exception 27 occurred at:
	Class: junit.framework.JUnit4TestAdapter
	Method: run
	Line # 38
Exception 28 occurred at:
	Class: org.apache.tools.ant.taskdefs.optional.junit.JUnitTestRunner
	Method: run
	Line # 535
Exception 29 occurred at:
	Class: org.apache.tools.ant.taskdefs.optional.junit.JUnitTestRunner
	Method: launch
	Line # 1182
Exception 30 occurred at:
	Class: org.apache.tools.ant.taskdefs.optional.junit.JUnitTestRunner
	Method: main
	Line # 1033

2016-11-04 17:43:53,272 DEBUG [c.r.u.Log main] java.lang.NullPointerException: NullError
	at com.raghul.test.TestLog4j2Example.TestLog4J2(TestLog4j2Example.java:27)
	at sun.reflect.NativeMethodAccessorImpl.invoke0(Native Method)
	at sun.reflect.NativeMethodAccessorImpl.invoke(NativeMethodAccessorImpl.java:62)
	at sun.reflect.DelegatingMethodAccessorImpl.invoke(DelegatingMethodAccessorImpl.java:43)
	at java.lang.reflect.Method.invoke(Method.java:498)
	at org.junit.runners.model.FrameworkMethod$1.runReflectiveCall(FrameworkMethod.java:50)
	at org.junit.internal.runners.model.ReflectiveCallable.run(ReflectiveCallable.java:12)
	at org.junit.runners.model.FrameworkMethod.invokeExplosively(FrameworkMethod.java:47)
	at org.junit.internal.runners.statements.InvokeMethod.evaluate(InvokeMethod.java:17)
	at org.junit.runners.ParentRunner.runLeaf(ParentRunner.java:325)
	at org.junit.runners.BlockJUnit4ClassRunner.runChild(BlockJUnit4ClassRunner.java:78)
	at org.junit.runners.BlockJUnit4ClassRunner.runChild(BlockJUnit4ClassRunner.java:57)
	at org.junit.runners.ParentRunner$3.run(ParentRunner.java:290)
	at org.junit.runners.ParentRunner$1.schedule(ParentRunner.java:71)
	at org.junit.runners.ParentRunner.runChildren(ParentRunner.java:288)
	at org.junit.runners.ParentRunner.access$000(ParentRunner.java:58)
	at org.junit.runners.ParentRunner$2.evaluate(ParentRunner.java:268)
	at org.junit.runners.ParentRunner.run(ParentRunner.java:363)
	at org.junit.runners.Suite.runChild(Suite.java:128)
	at org.junit.runners.Suite.runChild(Suite.java:27)
	at org.junit.runners.ParentRunner$3.run(ParentRunner.java:290)
	at org.junit.runners.ParentRunner$1.schedule(ParentRunner.java:71)
	at org.junit.runners.ParentRunner.runChildren(ParentRunner.java:288)
	at org.junit.runners.ParentRunner.access$000(ParentRunner.java:58)
	at org.junit.runners.ParentRunner$2.evaluate(ParentRunner.java:268)
	at org.junit.runners.ParentRunner.run(ParentRunner.java:363)
	at junit.framework.JUnit4TestAdapter.run(JUnit4TestAdapter.java:38)
	at org.apache.tools.ant.taskdefs.optional.junit.JUnitTestRunner.run(JUnitTestRunner.java:535)
	at org.apache.tools.ant.taskdefs.optional.junit.JUnitTestRunner.launch(JUnitTestRunner.java:1182)
	at org.apache.tools.ant.taskdefs.optional.junit.JUnitTestRunner.main(JUnitTestRunner.java:1033)

2016-11-04 17:43:54,884 INFO [c.r.u.Log main] BUYINGDIRECTORATECD|BUYINGDIRECTORATEDESC|BUYINGGROUPCD|BUYINGGROUPDESC|BUYINGOFFICECD|BUYINGOFFICEDESC|BUYINGSECTIONCD|BUYINGSECTIONDESC|BUYINGSUBSECTIONCD|BUYINGSUBSECTIONDESC
AMBNT |Ambient                            |BWS   |Beers Wines Spirits & Tobacco      |BST   |Beer Spirits & Tobacco             |BST_BEER     |Beer                               |BSTS_BT LGR   |Bottle Lager                       

2016-11-04 17:43:55,661 INFO [c.r.u.Log main] Info Message Logged !!!
2016-11-04 17:43:55,676 WARN [c.r.u.Log main] Warn Message Logged !!!
2016-11-04 17:43:55,676 ERROR [c.r.u.Log main] Error Message Logged !!!
2016-11-04 17:43:55,676 DEBUG [c.r.u.Log main] Debug Message Logged !!!
2016-11-04 17:43:55,676 FATAL [c.r.u.Log main] Root Cause of this Exception is:
	java.lang.NullPointerException: NullError
--------------------------------------------------------------------------------------
	Stack Trace of this Exception is as follows...
Exception 1 occurred at:
	Class: com.raghul.test.TestLog4j2Example
	Method: TestLog4J2
	Line # 27
Exception 2 occurred at:
	Class: sun.reflect.NativeMethodAccessorImpl
	Method: invoke0
	Line # -2
Exception 3 occurred at:
	Class: sun.reflect.NativeMethodAccessorImpl
	Method: invoke
	Line # 62
Exception 4 occurred at:
	Class: sun.reflect.DelegatingMethodAccessorImpl
	Method: invoke
	Line # 43
Exception 5 occurred at:
	Class: java.lang.reflect.Method
	Method: invoke
	Line # 498
Exception 6 occurred at:
	Class: org.junit.runners.model.FrameworkMethod$1
	Method: runReflectiveCall
	Line # 50
Exception 7 occurred at:
	Class: org.junit.internal.runners.model.ReflectiveCallable
	Method: run
	Line # 12
Exception 8 occurred at:
	Class: org.junit.runners.model.FrameworkMethod
	Method: invokeExplosively
	Line # 47
Exception 9 occurred at:
	Class: org.junit.internal.runners.statements.InvokeMethod
	Method: evaluate
	Line # 17
Exception 10 occurred at:
	Class: org.junit.runners.ParentRunner
	Method: runLeaf
	Line # 325
Exception 11 occurred at:
	Class: org.junit.runners.BlockJUnit4ClassRunner
	Method: runChild
	Line # 78
Exception 12 occurred at:
	Class: org.junit.runners.BlockJUnit4ClassRunner
	Method: runChild
	Line # 57
Exception 13 occurred at:
	Class: org.junit.runners.ParentRunner$3
	Method: run
	Line # 290
Exception 14 occurred at:
	Class: org.junit.runners.ParentRunner$1
	Method: schedule
	Line # 71
Exception 15 occurred at:
	Class: org.junit.runners.ParentRunner
	Method: runChildren
	Line # 288
Exception 16 occurred at:
	Class: org.junit.runners.ParentRunner
	Method: access$000
	Line # 58
Exception 17 occurred at:
	Class: org.junit.runners.ParentRunner$2
	Method: evaluate
	Line # 268
Exception 18 occurred at:
	Class: org.junit.runners.ParentRunner
	Method: run
	Line # 363
Exception 19 occurred at:
	Class: junit.framework.JUnit4TestAdapter
	Method: run
	Line # 38
Exception 20 occurred at:
	Class: org.apache.tools.ant.taskdefs.optional.junit.JUnitTestRunner
	Method: run
	Line # 535
Exception 21 occurred at:
	Class: org.apache.tools.ant.taskdefs.optional.junit.JUnitTestRunner
	Method: launch
	Line # 1182
Exception 22 occurred at:
	Class: org.apache.tools.ant.taskdefs.optional.junit.JUnitTestRunner
	Method: main
	Line # 1033

2016-11-04 17:43:55,676 DEBUG [c.r.u.Log main] java.lang.NullPointerException: NullError
	at com.raghul.test.TestLog4j2Example.TestLog4J2(TestLog4j2Example.java:27)
	at sun.reflect.NativeMethodAccessorImpl.invoke0(Native Method)
	at sun.reflect.NativeMethodAccessorImpl.invoke(NativeMethodAccessorImpl.java:62)
	at sun.reflect.DelegatingMethodAccessorImpl.invoke(DelegatingMethodAccessorImpl.java:43)
	at java.lang.reflect.Method.invoke(Method.java:498)
	at org.junit.runners.model.FrameworkMethod$1.runReflectiveCall(FrameworkMethod.java:50)
	at org.junit.internal.runners.model.ReflectiveCallable.run(ReflectiveCallable.java:12)
	at org.junit.runners.model.FrameworkMethod.invokeExplosively(FrameworkMethod.java:47)
	at org.junit.internal.runners.statements.InvokeMethod.evaluate(InvokeMethod.java:17)
	at org.junit.runners.ParentRunner.runLeaf(ParentRunner.java:325)
	at org.junit.runners.BlockJUnit4ClassRunner.runChild(BlockJUnit4ClassRunner.java:78)
	at org.junit.runners.BlockJUnit4ClassRunner.runChild(BlockJUnit4ClassRunner.java:57)
	at org.junit.runners.ParentRunner$3.run(ParentRunner.java:290)
	at org.junit.runners.ParentRunner$1.schedule(ParentRunner.java:71)
	at org.junit.runners.ParentRunner.runChildren(ParentRunner.java:288)
	at org.junit.runners.ParentRunner.access$000(ParentRunner.java:58)
	at org.junit.runners.ParentRunner$2.evaluate(ParentRunner.java:268)
	at org.junit.runners.ParentRunner.run(ParentRunner.java:363)
	at junit.framework.JUnit4TestAdapter.run(JUnit4TestAdapter.java:38)
	at org.apache.tools.ant.taskdefs.optional.junit.JUnitTestRunner.run(JUnitTestRunner.java:535)
	at org.apache.tools.ant.taskdefs.optional.junit.JUnitTestRunner.launch(JUnitTestRunner.java:1182)
	at org.apache.tools.ant.taskdefs.optional.junit.JUnitTestRunner.main(JUnitTestRunner.java:1033)

2016-11-04 18:07:05,938 INFO [c.r.u.Log main] BUYINGDIRECTORATECD|BUYINGDIRECTORATEDESC|BUYINGGROUPCD|BUYINGGROUPDESC|BUYINGOFFICECD|BUYINGOFFICEDESC|BUYINGSECTIONCD|BUYINGSECTIONDESC|BUYINGSUBSECTIONCD|BUYINGSUBSECTIONDESC
AMBNT |Ambient                            |BWS   |Beers Wines Spirits & Tobacco      |BST   |Beer Spirits & Tobacco             |BST_BEER     |Beer                               |BSTS_BT LGR   |Bottle Lager                       

2016-11-04 18:07:06,001 INFO [c.r.u.Log main] Info Message Logged !!!
2016-11-04 18:07:06,001 WARN [c.r.u.Log main] Warn Message Logged !!!
2016-11-04 18:07:06,001 ERROR [c.r.u.Log main] Error Message Logged !!!
2016-11-04 18:07:06,001 DEBUG [c.r.u.Log main] Debug Message Logged !!!
2016-11-04 18:07:06,001 FATAL [c.r.u.Log main] Root Cause of this Exception is:
	java.lang.NullPointerException: NullError
--------------------------------------------------------------------------------------
	Stack Trace of this Exception is as follows...
Exception 1 occurred at:
	Class: com.raghul.test.TestLog4j2Example
	Method: TestLog4J2
	Line # 27
Exception 2 occurred at:
	Class: sun.reflect.NativeMethodAccessorImpl
	Method: invoke0
	Line # -2
Exception 3 occurred at:
	Class: sun.reflect.NativeMethodAccessorImpl
	Method: invoke
	Line # 62
Exception 4 occurred at:
	Class: sun.reflect.DelegatingMethodAccessorImpl
	Method: invoke
	Line # 43
Exception 5 occurred at:
	Class: java.lang.reflect.Method
	Method: invoke
	Line # 498
Exception 6 occurred at:
	Class: org.junit.runners.model.FrameworkMethod$1
	Method: runReflectiveCall
	Line # 50
Exception 7 occurred at:
	Class: org.junit.internal.runners.model.ReflectiveCallable
	Method: run
	Line # 12
Exception 8 occurred at:
	Class: org.junit.runners.model.FrameworkMethod
	Method: invokeExplosively
	Line # 47
Exception 9 occurred at:
	Class: org.junit.internal.runners.statements.InvokeMethod
	Method: evaluate
	Line # 17
Exception 10 occurred at:
	Class: org.junit.runners.ParentRunner
	Method: runLeaf
	Line # 325
Exception 11 occurred at:
	Class: org.junit.runners.BlockJUnit4ClassRunner
	Method: runChild
	Line # 78
Exception 12 occurred at:
	Class: org.junit.runners.BlockJUnit4ClassRunner
	Method: runChild
	Line # 57
Exception 13 occurred at:
	Class: org.junit.runners.ParentRunner$3
	Method: run
	Line # 290
Exception 14 occurred at:
	Class: org.junit.runners.ParentRunner$1
	Method: schedule
	Line # 71
Exception 15 occurred at:
	Class: org.junit.runners.ParentRunner
	Method: runChildren
	Line # 288
Exception 16 occurred at:
	Class: org.junit.runners.ParentRunner
	Method: access$000
	Line # 58
Exception 17 occurred at:
	Class: org.junit.runners.ParentRunner$2
	Method: evaluate
	Line # 268
Exception 18 occurred at:
	Class: org.junit.runners.ParentRunner
	Method: run
	Line # 363
Exception 19 occurred at:
	Class: org.junit.runners.Suite
	Method: runChild
	Line # 128
Exception 20 occurred at:
	Class: org.junit.runners.Suite
	Method: runChild
	Line # 27
Exception 21 occurred at:
	Class: org.junit.runners.ParentRunner$3
	Method: run
	Line # 290
Exception 22 occurred at:
	Class: org.junit.runners.ParentRunner$1
	Method: schedule
	Line # 71
Exception 23 occurred at:
	Class: org.junit.runners.ParentRunner
	Method: runChildren
	Line # 288
Exception 24 occurred at:
	Class: org.junit.runners.ParentRunner
	Method: access$000
	Line # 58
Exception 25 occurred at:
	Class: org.junit.runners.ParentRunner$2
	Method: evaluate
	Line # 268
Exception 26 occurred at:
	Class: org.junit.runners.ParentRunner
	Method: run
	Line # 363
Exception 27 occurred at:
	Class: junit.framework.JUnit4TestAdapter
	Method: run
	Line # 38
Exception 28 occurred at:
	Class: org.apache.tools.ant.taskdefs.optional.junit.JUnitTestRunner
	Method: run
	Line # 535
Exception 29 occurred at:
	Class: org.apache.tools.ant.taskdefs.optional.junit.JUnitTestRunner
	Method: launch
	Line # 1182
Exception 30 occurred at:
	Class: org.apache.tools.ant.taskdefs.optional.junit.JUnitTestRunner
	Method: main
	Line # 1033

2016-11-04 18:07:06,001 DEBUG [c.r.u.Log main] java.lang.NullPointerException: NullError
	at com.raghul.test.TestLog4j2Example.TestLog4J2(TestLog4j2Example.java:27)
	at sun.reflect.NativeMethodAccessorImpl.invoke0(Native Method)
	at sun.reflect.NativeMethodAccessorImpl.invoke(NativeMethodAccessorImpl.java:62)
	at sun.reflect.DelegatingMethodAccessorImpl.invoke(DelegatingMethodAccessorImpl.java:43)
	at java.lang.reflect.Method.invoke(Method.java:498)
	at org.junit.runners.model.FrameworkMethod$1.runReflectiveCall(FrameworkMethod.java:50)
	at org.junit.internal.runners.model.ReflectiveCallable.run(ReflectiveCallable.java:12)
	at org.junit.runners.model.FrameworkMethod.invokeExplosively(FrameworkMethod.java:47)
	at org.junit.internal.runners.statements.InvokeMethod.evaluate(InvokeMethod.java:17)
	at org.junit.runners.ParentRunner.runLeaf(ParentRunner.java:325)
	at org.junit.runners.BlockJUnit4ClassRunner.runChild(BlockJUnit4ClassRunner.java:78)
	at org.junit.runners.BlockJUnit4ClassRunner.runChild(BlockJUnit4ClassRunner.java:57)
	at org.junit.runners.ParentRunner$3.run(ParentRunner.java:290)
	at org.junit.runners.ParentRunner$1.schedule(ParentRunner.java:71)
	at org.junit.runners.ParentRunner.runChildren(ParentRunner.java:288)
	at org.junit.runners.ParentRunner.access$000(ParentRunner.java:58)
	at org.junit.runners.ParentRunner$2.evaluate(ParentRunner.java:268)
	at org.junit.runners.ParentRunner.run(ParentRunner.java:363)
	at org.junit.runners.Suite.runChild(Suite.java:128)
	at org.junit.runners.Suite.runChild(Suite.java:27)
	at org.junit.runners.ParentRunner$3.run(ParentRunner.java:290)
	at org.junit.runners.ParentRunner$1.schedule(ParentRunner.java:71)
	at org.junit.runners.ParentRunner.runChildren(ParentRunner.java:288)
	at org.junit.runners.ParentRunner.access$000(ParentRunner.java:58)
	at org.junit.runners.ParentRunner$2.evaluate(ParentRunner.java:268)
	at org.junit.runners.ParentRunner.run(ParentRunner.java:363)
	at junit.framework.JUnit4TestAdapter.run(JUnit4TestAdapter.java:38)
	at org.apache.tools.ant.taskdefs.optional.junit.JUnitTestRunner.run(JUnitTestRunner.java:535)
	at org.apache.tools.ant.taskdefs.optional.junit.JUnitTestRunner.launch(JUnitTestRunner.java:1182)
	at org.apache.tools.ant.taskdefs.optional.junit.JUnitTestRunner.main(JUnitTestRunner.java:1033)

