<?xml version="1.0" encoding="UTF-8" ?>
<testsuites>
  <testsuite errors="1" failures="1" hostname="BR-LL50408" id="0" name="JunitTestSuite" package="com.raghul.test" skipped="13" tests="30" time="155.358" timestamp="2016-11-24T09:30:54">
      <properties>
[...]
</properties>

      <testcase classname="com.raghul.test.JunitTestCase" name="TestCase1" time="28.998" />

      <testcase classname="com.raghul.test.JunitTestCase" name="TestCase2" time="41.901" />

      <testcase classname="com.raghul.test.JunitTestCase" name="TestCase3" time="0.0">
          <skipped />

      </testcase>

      <testcase classname="com.raghul.test.JunitTestSet" name="TestCase4" time="25.463" />

      <testcase classname="com.raghul.test.JunitTestSet" name="TestCase5" time="20.327" />

      <testcase classname="com.raghul.test.JunitTestSet" name="TestCase6" time="35.945" />

      <testcase classname="com.raghul.test.JunitTestTimeout" name="testTimeout" time="1.011">
          <error message="test timed out after 1000 milliseconds" type="org.junit.runners.model.TestTimedOutException">org.junit.runners.model.TestTimedOutException: test timed out after 1000 milliseconds
	at java.lang.Thread.sleep(Native Method)
	at com.raghul.test.JunitTestTimeout.testTimeout(JunitTestTimeout.java:10)
	at java.util.concurrent.FutureTask.run(FutureTask.java:266)
	at java.lang.Thread.run(Thread.java:745)
</error>

      </testcase>

      <testcase classname="com.raghul.test.JunitTestExceptions" name="testExceptions" time="0.0" />

      <testcase classname="com.raghul.test.JunitTestCaseExtension" name="New Name" time="0.0" />

      <testcase classname="com.raghul.test.JunitTestResultExtension" name="testResult" time="0.0" />

      <testcase classname="com.raghul.test.JunitTestParameterization" name="testPrimeNumberChecker[0]" time="0.002" />

      <testcase classname="com.raghul.test.JunitTestParameterization" name="testPrimeNumberChecker[1]" time="0.002">
          <failure message="expected:&lt;false&gt; but was:&lt;true&gt;" type="junit.framework.AssertionFailedError">junit.framework.AssertionFailedError: expected:&lt;false&gt; but was:&lt;true&gt;
	at com.raghul.test.JunitTestParameterization.testPrimeNumberChecker(JunitTestParameterization.java:50)
</failure>

      </testcase>

      <testcase classname="com.raghul.test.JunitTestParameterization" name="testPrimeNumberChecker[2]" time="0.0" />

      <testcase classname="com.raghul.test.JunitTestParameterization" name="testPrimeNumberChecker[3]" time="0.001" />

      <testcase classname="com.raghul.test.JunitTestParameterization" name="testPrimeNumberChecker[4]" time="0.0" />

      <testcase classname="com.raghul.test.JunitTestParameterization" name="testPrimeNumberChecker[5]" time="0.0" />

      <testcase classname="com.raghul.test.TestJdbcExample" name="TestJdbc" time="1.579" />

      <testcase classname="com.raghul.test.TestLog4j2Example" name="TestLog4J2" time="0.008" />

      <testcase classname="com.raghul.test.JunitTestCaseExercise" name="test10" time="0.0">
          <skipped />

      </testcase>

      <testcase classname="com.raghul.test.JunitTestCaseExercise" name="test11" time="0.0">
          <skipped />

      </testcase>

      <testcase classname="com.raghul.test.JunitTestCaseExercise" name="test12" time="0.0">
          <skipped />

      </testcase>

      <testcase classname="com.raghul.test.JunitTestCaseExercise" name="test1" time="0.0">
          <skipped />

      </testcase>

      <testcase classname="com.raghul.test.JunitTestCaseExercise" name="test2" time="0.0">
          <skipped />

      </testcase>

      <testcase classname="com.raghul.test.JunitTestCaseExercise" name="test3" time="0.0">
          <skipped />

      </testcase>

      <testcase classname="com.raghul.test.JunitTestCaseExercise" name="test4" time="0.0">
          <skipped />

      </testcase>

      <testcase classname="com.raghul.test.JunitTestCaseExercise" name="test5" time="0.0">
          <skipped />

      </testcase>

      <testcase classname="com.raghul.test.JunitTestCaseExercise" name="test6" time="0.0">
          <skipped />

      </testcase>

      <testcase classname="com.raghul.test.JunitTestCaseExercise" name="test7" time="0.0">
          <skipped />

      </testcase>

      <testcase classname="com.raghul.test.JunitTestCaseExercise" name="test8" time="0.0">
          <skipped />

      </testcase>

      <testcase classname="com.raghul.test.JunitTestCaseExercise" name="test9" time="0.0">
          <skipped />

      </testcase>

      <system-out><![CDATA[Facebook Login Successful
Facebook Logout Successful
Facebook Login Successful
Facebook Logout Successful
Facebook Login Successful
Facebook Logout Successful
Facebook Login Successful
Facebook Logout Successful
Facebook Login Successful
Facebook Logout Successful
testExceptions
class com.raghul.test.JunitTestCaseExtension
testCase
New Name
true
Parameterized Number is : 2
true,true
Parameterized Number is : 3
Parameterized Number is : 6
false,false
Parameterized Number is : 19
true,true
Parameterized Number is : 22
false,false
Parameterized Number is : 23
true,true
C:\Users\TPURJaya\Desktop\sample.csv
Property doesn't exist Scenario: 7777
Property exist Scenario: 9999
Replace existing property value Scenario: true
Write new property value Scenario: true
]]></system-out>

      <system-err><![CDATA[Starting ChromeDriver 2.25.426923 (0390b88869384d6eb0d5d09729679f934aab9eed) on port 33514
Only local connections are allowed.
Started InternetExplorerDriver server (64-bit)
2.47.0.0
Listening on port 43328
Starting ChromeDriver 2.25.426923 (0390b88869384d6eb0d5d09729679f934aab9eed) on port 2547
Only local connections are allowed.
Started InternetExplorerDriver server (64-bit)
2.47.0.0
Listening on port 26997
]]></system-err>

  </testsuite>
</testsuites>
